# JRE version: Java(TM) SE Runtime Environment (8.0_251-b08) (build 1.8.0_251-b08)
# Java VM: Java HotSpot(TM) 64-Bit Server VM (25.251-b08 mixed mode windows-amd64 compressed oops)
Heap:
 PSYoungGen      total 172544K, used 33815K [0x00000000eaf80000, 0x00000000f7400000, 0x0000000100000000)
  eden space 162816K, 20% used [0x00000000eaf80000,0x00000000ed085e98,0x00000000f4e80000)
  from space 9728K, 0% used [0x00000000f5880000,0x00000000f5880000,0x00000000f6200000)
  to   space 10240K, 0% used [0x00000000f4e80000,0x00000000f4e80000,0x00000000f5880000)
 ParOldGen       total 47104K, used 15337K [0x00000000c0e00000, 0x00000000c3c00000, 0x00000000eaf80000)
  object space 47104K, 32% used [0x00000000c0e00000,0x00000000c1cfa648,0x00000000c3c00000)
 Metaspace       used 37505K, capacity 38892K, committed 39088K, reserved 1083392K
  class space    used 4924K, capacity 5204K, committed 5296K, reserved 1048576K
GC Heap History (10 events):
Event: 5.653 GC heap before
{Heap before GC invocations=8 (full 1):
 PSYoungGen      total 71168K, used 3007K [0x00000000eaf80000, 0x00000000f3a80000, 0x0000000100000000)
  eden space 64512K, 0% used [0x00000000eaf80000,0x00000000eaf80000,0x00000000eee80000)
  from space 6656K, 45% used [0x00000000eee80000,0x00000000ef16fe00,0x00000000ef500000)
  to   space 6656K, 0% used [0x00000000f3400000,0x00000000f3400000,0x00000000f3a80000)
 ParOldGen       total 44032K, used 9074K [0x00000000c0e00000, 0x00000000c3900000, 0x00000000eaf80000)
  object space 44032K, 20% used [0x00000000c0e00000,0x00000000c16dcb48,0x00000000c3900000)
 Metaspace       used 20668K, capacity 21224K, committed 21296K, reserved 1067008K
  class space    used 2668K, capacity 2838K, committed 2864K, reserved 1048576K
Event: 5.719 GC heap after
Heap after GC invocations=8 (full 1):
 PSYoungGen      total 71168K, used 0K [0x00000000eaf80000, 0x00000000f3a80000, 0x0000000100000000)
  eden space 64512K, 0% used [0x00000000eaf80000,0x00000000eaf80000,0x00000000eee80000)
  from space 6656K, 0% used [0x00000000eee80000,0x00000000eee80000,0x00000000ef500000)
  to   space 6656K, 0% used [0x00000000f3400000,0x00000000f3400000,0x00000000f3a80000)
 ParOldGen       total 28672K, used 5653K [0x00000000c0e00000, 0x00000000c2a00000, 0x00000000eaf80000)
  object space 28672K, 19% used [0x00000000c0e00000,0x00000000c1385488,0x00000000c2a00000)
 Metaspace       used 20668K, capacity 21224K, committed 21296K, reserved 1067008K
  class space    used 2668K, capacity 2838K, committed 2864K, reserved 1048576K
}
Event: 7.900 GC heap before
{Heap before GC invocations=9 (full 1):
 PSYoungGen      total 71168K, used 64482K [0x00000000eaf80000, 0x00000000f3a80000, 0x0000000100000000)
  eden space 64512K, 99% used [0x00000000eaf80000,0x00000000eee78bd0,0x00000000eee80000)
  from space 6656K, 0% used [0x00000000eee80000,0x00000000eee80000,0x00000000ef500000)
  to   space 6656K, 0% used [0x00000000f3400000,0x00000000f3400000,0x00000000f3a80000)
 ParOldGen       total 28672K, used 5653K [0x00000000c0e00000, 0x00000000c2a00000, 0x00000000eaf80000)
  object space 28672K, 19% used [0x00000000c0e00000,0x00000000c1385488,0x00000000c2a00000)
 Metaspace       used 26139K, capacity 26966K, committed 27184K, reserved 1073152K
  class space    used 3360K, capacity 3535K, committed 3632K, reserved 1048576K
Event: 7.923 GC heap after
Heap after GC invocations=9 (full 1):
 PSYoungGen      total 119808K, used 6632K [0x00000000eaf80000, 0x00000000f3a80000, 0x0000000100000000)
  eden space 113152K, 0% used [0x00000000eaf80000,0x00000000eaf80000,0x00000000f1e00000)
  from space 6656K, 99% used [0x00000000f3400000,0x00000000f3a7a108,0x00000000f3a80000)
  to   space 7680K, 0% used [0x00000000f2b80000,0x00000000f2b80000,0x00000000f3300000)
 ParOldGen       total 28672K, used 5813K [0x00000000c0e00000, 0x00000000c2a00000, 0x00000000eaf80000)
  object space 28672K, 20% used [0x00000000c0e00000,0x00000000c13ad7c0,0x00000000c2a00000)
 Metaspace       used 26139K, capacity 26966K, committed 27184K, reserved 1073152K
  class space    used 3360K, capacity 3535K, committed 3632K, reserved 1048576K
}
Event: 11.712 GC heap before
{Heap before GC invocations=10 (full 1):
 PSYoungGen      total 119808K, used 119784K [0x00000000eaf80000, 0x00000000f3a80000, 0x0000000100000000)
  eden space 113152K, 100% used [0x00000000eaf80000,0x00000000f1e00000,0x00000000f1e00000)
  from space 6656K, 99% used [0x00000000f3400000,0x00000000f3a7a108,0x00000000f3a80000)
  to   space 7680K, 0% used [0x00000000f2b80000,0x00000000f2b80000,0x00000000f3300000)
 ParOldGen       total 28672K, used 5813K [0x00000000c0e00000, 0x00000000c2a00000, 0x00000000eaf80000)
  object space 28672K, 20% used [0x00000000c0e00000,0x00000000c13ad7c0,0x00000000c2a00000)
 Metaspace       used 30910K, capacity 32112K, committed 32304K, reserved 1077248K
  class space    used 4020K, capacity 4280K, committed 4400K, reserved 1048576K
Event: 11.797 GC heap after
Heap after GC invocations=10 (full 1):
 PSYoungGen      total 134656K, used 7649K [0x00000000eaf80000, 0x00000000f6200000, 0x0000000100000000)
  eden space 126976K, 0% used [0x00000000eaf80000,0x00000000eaf80000,0x00000000f2b80000)
  from space 7680K, 99% used [0x00000000f2b80000,0x00000000f32f8758,0x00000000f3300000)
  to   space 9728K, 0% used [0x00000000f5880000,0x00000000f5880000,0x00000000f6200000)
 ParOldGen       total 28672K, used 8802K [0x00000000c0e00000, 0x00000000c2a00000, 0x00000000eaf80000)
  object space 28672K, 30% used [0x00000000c0e00000,0x00000000c16989b0,0x00000000c2a00000)
 Metaspace       used 30910K, capacity 32112K, committed 32304K, reserved 1077248K
  class space    used 4020K, capacity 4280K, committed 4400K, reserved 1048576K
}
Event: 13.452 GC heap before
{Heap before GC invocations=11 (full 1):
 PSYoungGen      total 134656K, used 36499K [0x00000000eaf80000, 0x00000000f6200000, 0x0000000100000000)
  eden space 126976K, 22% used [0x00000000eaf80000,0x00000000ecbac528,0x00000000f2b80000)
  from space 7680K, 99% used [0x00000000f2b80000,0x00000000f32f8758,0x00000000f3300000)
  to   space 9728K, 0% used [0x00000000f5880000,0x00000000f5880000,0x00000000f6200000)
 ParOldGen       total 28672K, used 8802K [0x00000000c0e00000, 0x00000000c2a00000, 0x00000000eaf80000)
  object space 28672K, 30% used [0x00000000c0e00000,0x00000000c16989b0,0x00000000c2a00000)
 Metaspace       used 34108K, capacity 35368K, committed 35496K, reserved 1081344K
  class space    used 4363K, capacity 4614K, committed 4656K, reserved 1048576K
Event: 13.473 GC heap after
Heap after GC invocations=11 (full 1):
 PSYoungGen      total 172544K, used 8082K [0x00000000eaf80000, 0x00000000f7400000, 0x0000000100000000)
  eden space 162816K, 0% used [0x00000000eaf80000,0x00000000eaf80000,0x00000000f4e80000)
  from space 9728K, 83% used [0x00000000f5880000,0x00000000f6064ab0,0x00000000f6200000)
  to   space 10240K, 0% used [0x00000000f4e80000,0x00000000f4e80000,0x00000000f5880000)
 ParOldGen       total 28672K, used 11351K [0x00000000c0e00000, 0x00000000c2a00000, 0x00000000eaf80000)
  object space 28672K, 39% used [0x00000000c0e00000,0x00000000c1915f58,0x00000000c2a00000)
 Metaspace       used 34108K, capacity 35368K, committed 35496K, reserved 1081344K
  class space    used 4363K, capacity 4614K, committed 4656K, reserved 1048576K
}
Event: 13.473 GC heap before
{Heap before GC invocations=12 (full 2):
 PSYoungGen      total 172544K, used 8082K [0x00000000eaf80000, 0x00000000f7400000, 0x0000000100000000)
  eden space 162816K, 0% used [0x00000000eaf80000,0x00000000eaf80000,0x00000000f4e80000)
  from space 9728K, 83% used [0x00000000f5880000,0x00000000f6064ab0,0x00000000f6200000)
  to   space 10240K, 0% used [0x00000000f4e80000,0x00000000f4e80000,0x00000000f5880000)
 ParOldGen       total 28672K, used 11351K [0x00000000c0e00000, 0x00000000c2a00000, 0x00000000eaf80000)
  object space 28672K, 39% used [0x00000000c0e00000,0x00000000c1915f58,0x00000000c2a00000)
 Metaspace       used 34108K, capacity 35368K, committed 35496K, reserved 1081344K
  class space    used 4363K, capacity 4614K, committed 4656K, reserved 1048576K
Event: 13.620 GC heap after
Heap after GC invocations=12 (full 2):
 PSYoungGen      total 172544K, used 0K [0x00000000eaf80000, 0x00000000f7400000, 0x0000000100000000)
  eden space 162816K, 0% used [0x00000000eaf80000,0x00000000eaf80000,0x00000000f4e80000)
  from space 9728K, 0% used [0x00000000f5880000,0x00000000f5880000,0x00000000f6200000)
  to   space 10240K, 0% used [0x00000000f4e80000,0x00000000f4e80000,0x00000000f5880000)
 ParOldGen       total 47104K, used 15337K [0x00000000c0e00000, 0x00000000c3c00000, 0x00000000eaf80000)
  object space 47104K, 32% used [0x00000000c0e00000,0x00000000c1cfa648,0x00000000c3c00000)
 Metaspace       used 34108K, capacity 35368K, committed 35496K, reserved 1081344K
  class space    used 4363K, capacity 4614K, committed 4656K, reserved 1048576K
}

