# JRE version: Java(TM) SE Runtime Environment (8.0_251-b08) (build 1.8.0_251-b08)
# Java VM: Java HotSpot(TM) 64-Bit Server VM (25.251-b08 mixed mode windows-amd64 compressed oops)
Heap:
 PSYoungGen      total 37376K, used 8525K [0x00000000eaf80000, 0x00000000ee880000, 0x0000000100000000)
  eden space 32768K, 13% used [0x00000000eaf80000,0x00000000eb3b67e0,0x00000000ecf80000)
  from space 4608K, 91% used [0x00000000ecf80000,0x00000000ed39cd88,0x00000000ed400000)
  to   space 5632K, 0% used [0x00000000ee300000,0x00000000ee300000,0x00000000ee880000)
 ParOldGen       total 30208K, used 6154K [0x00000000c0e00000, 0x00000000c2b80000, 0x00000000eaf80000)
  object space 30208K, 20% used [0x00000000c0e00000,0x00000000c14028d8,0x00000000c2b80000)
 Metaspace       used 23874K, capacity 24580K, committed 24880K, reserved 1071104K
  class space    used 3101K, capacity 3280K, committed 3376K, reserved 1048576K
GC Heap History (10 events):
Event: 4.600 GC heap before
{Heap before GC invocations=6 (full 0):
 PSYoungGen      total 18944K, used 18931K [0x00000000eaf80000, 0x00000000ed880000, 0x0000000100000000)
  eden space 16384K, 100% used [0x00000000eaf80000,0x00000000ebf80000,0x00000000ebf80000)
  from space 2560K, 99% used [0x00000000ebf80000,0x00000000ec1fcc80,0x00000000ec200000)
  to   space 4608K, 0% used [0x00000000ed400000,0x00000000ed400000,0x00000000ed880000)
 ParOldGen       total 44032K, used 5807K [0x00000000c0e00000, 0x00000000c3900000, 0x00000000eaf80000)
  object space 44032K, 13% used [0x00000000c0e00000,0x00000000c13abe00,0x00000000c3900000)
 Metaspace       used 16209K, capacity 16704K, committed 16896K, reserved 1064960K
  class space    used 2110K, capacity 2240K, committed 2304K, reserved 1048576K
Event: 4.617 GC heap after
Heap after GC invocations=6 (full 0):
 PSYoungGen      total 37376K, used 3971K [0x00000000eaf80000, 0x00000000ed880000, 0x0000000100000000)
  eden space 32768K, 0% used [0x00000000eaf80000,0x00000000eaf80000,0x00000000ecf80000)
  from space 4608K, 86% used [0x00000000ed400000,0x00000000ed7e0cb0,0x00000000ed880000)
  to   space 4608K, 0% used [0x00000000ecf80000,0x00000000ecf80000,0x00000000ed400000)
 ParOldGen       total 44032K, used 5815K [0x00000000c0e00000, 0x00000000c3900000, 0x00000000eaf80000)
  object space 44032K, 13% used [0x00000000c0e00000,0x00000000c13ade00,0x00000000c3900000)
 Metaspace       used 16209K, capacity 16704K, committed 16896K, reserved 1064960K
  class space    used 2110K, capacity 2240K, committed 2304K, reserved 1048576K
}
Event: 5.463 GC heap before
{Heap before GC invocations=7 (full 0):
 PSYoungGen      total 37376K, used 36739K [0x00000000eaf80000, 0x00000000ed880000, 0x0000000100000000)
  eden space 32768K, 100% used [0x00000000eaf80000,0x00000000ecf80000,0x00000000ecf80000)
  from space 4608K, 86% used [0x00000000ed400000,0x00000000ed7e0cb0,0x00000000ed880000)
  to   space 4608K, 0% used [0x00000000ecf80000,0x00000000ecf80000,0x00000000ed400000)
 ParOldGen       total 44032K, used 5815K [0x00000000c0e00000, 0x00000000c3900000, 0x00000000eaf80000)
  object space 44032K, 13% used [0x00000000c0e00000,0x00000000c13ade00,0x00000000c3900000)
 Metaspace       used 19245K, capacity 19794K, committed 19968K, reserved 1067008K
  class space    used 2539K, capacity 2703K, committed 2816K, reserved 1048576K
Event: 5.475 GC heap after
Heap after GC invocations=7 (full 0):
 PSYoungGen      total 37376K, used 4602K [0x00000000eaf80000, 0x00000000ed880000, 0x0000000100000000)
  eden space 32768K, 0% used [0x00000000eaf80000,0x00000000eaf80000,0x00000000ecf80000)
  from space 4608K, 99% used [0x00000000ecf80000,0x00000000ed3fea30,0x00000000ed400000)
  to   space 4608K, 0% used [0x00000000ed400000,0x00000000ed400000,0x00000000ed880000)
 ParOldGen       total 44032K, used 7608K [0x00000000c0e00000, 0x00000000c3900000, 0x00000000eaf80000)
  object space 44032K, 17% used [0x00000000c0e00000,0x00000000c156e090,0x00000000c3900000)
 Metaspace       used 19245K, capacity 19794K, committed 19968K, reserved 1067008K
  class space    used 2539K, capacity 2703K, committed 2816K, reserved 1048576K
}
Event: 5.648 GC heap before
{Heap before GC invocations=8 (full 0):
 PSYoungGen      total 37376K, used 16058K [0x00000000eaf80000, 0x00000000ed880000, 0x0000000100000000)
  eden space 32768K, 34% used [0x00000000eaf80000,0x00000000ebab00f8,0x00000000ecf80000)
  from space 4608K, 99% used [0x00000000ecf80000,0x00000000ed3fea30,0x00000000ed400000)
  to   space 4608K, 0% used [0x00000000ed400000,0x00000000ed400000,0x00000000ed880000)
 ParOldGen       total 44032K, used 7608K [0x00000000c0e00000, 0x00000000c3900000, 0x00000000eaf80000)
  object space 44032K, 17% used [0x00000000c0e00000,0x00000000c156e090,0x00000000c3900000)
 Metaspace       used 20646K, capacity 21220K, committed 21296K, reserved 1067008K
  class space    used 2681K, capacity 2838K, committed 2864K, reserved 1048576K
Event: 5.654 GC heap after
Heap after GC invocations=8 (full 0):
 PSYoungGen      total 37376K, used 3313K [0x00000000eaf80000, 0x00000000ed880000, 0x0000000100000000)
  eden space 32768K, 0% used [0x00000000eaf80000,0x00000000eaf80000,0x00000000ecf80000)
  from space 4608K, 71% used [0x00000000ed400000,0x00000000ed73c5d8,0x00000000ed880000)
  to   space 4608K, 0% used [0x00000000ecf80000,0x00000000ecf80000,0x00000000ed400000)
 ParOldGen       total 44032K, used 8333K [0x00000000c0e00000, 0x00000000c3900000, 0x00000000eaf80000)
  object space 44032K, 18% used [0x00000000c0e00000,0x00000000c16235a8,0x00000000c3900000)
 Metaspace       used 20646K, capacity 21220K, committed 21296K, reserved 1067008K
  class space    used 2681K, capacity 2838K, committed 2864K, reserved 1048576K
}
Event: 5.654 GC heap before
{Heap before GC invocations=9 (full 1):
 PSYoungGen      total 37376K, used 3313K [0x00000000eaf80000, 0x00000000ed880000, 0x0000000100000000)
  eden space 32768K, 0% used [0x00000000eaf80000,0x00000000eaf80000,0x00000000ecf80000)
  from space 4608K, 71% used [0x00000000ed400000,0x00000000ed73c5d8,0x00000000ed880000)
  to   space 4608K, 0% used [0x00000000ecf80000,0x00000000ecf80000,0x00000000ed400000)
 ParOldGen       total 44032K, used 8333K [0x00000000c0e00000, 0x00000000c3900000, 0x00000000eaf80000)
  object space 44032K, 18% used [0x00000000c0e00000,0x00000000c16235a8,0x00000000c3900000)
 Metaspace       used 20646K, capacity 21220K, committed 21296K, reserved 1067008K
  class space    used 2681K, capacity 2838K, committed 2864K, reserved 1048576K
Event: 5.724 GC heap after
Heap after GC invocations=9 (full 1):
 PSYoungGen      total 37376K, used 0K [0x00000000eaf80000, 0x00000000ed880000, 0x0000000100000000)
  eden space 32768K, 0% used [0x00000000eaf80000,0x00000000eaf80000,0x00000000ecf80000)
  from space 4608K, 0% used [0x00000000ed400000,0x00000000ed400000,0x00000000ed880000)
  to   space 4608K, 0% used [0x00000000ecf80000,0x00000000ecf80000,0x00000000ed400000)
 ParOldGen       total 30208K, used 6154K [0x00000000c0e00000, 0x00000000c2b80000, 0x00000000eaf80000)
  object space 30208K, 20% used [0x00000000c0e00000,0x00000000c14028d8,0x00000000c2b80000)
 Metaspace       used 20646K, capacity 21220K, committed 21296K, reserved 1067008K
  class space    used 2681K, capacity 2838K, committed 2864K, reserved 1048576K
}
Event: 6.653 GC heap before
{Heap before GC invocations=10 (full 1):
 PSYoungGen      total 37376K, used 32768K [0x00000000eaf80000, 0x00000000ed880000, 0x0000000100000000)
  eden space 32768K, 100% used [0x00000000eaf80000,0x00000000ecf80000,0x00000000ecf80000)
  from space 4608K, 0% used [0x00000000ed400000,0x00000000ed400000,0x00000000ed880000)
  to   space 4608K, 0% used [0x00000000ecf80000,0x00000000ecf80000,0x00000000ed400000)
 ParOldGen       total 30208K, used 6154K [0x00000000c0e00000, 0x00000000c2b80000, 0x00000000eaf80000)
  object space 30208K, 20% used [0x00000000c0e00000,0x00000000c14028d8,0x00000000c2b80000)
 Metaspace       used 23620K, capacity 24336K, committed 24496K, reserved 1071104K
  class space    used 3068K, capacity 3246K, committed 3248K, reserved 1048576K
Event: 6.693 GC heap after
Heap after GC invocations=10 (full 1):
 PSYoungGen      total 37376K, used 4211K [0x00000000eaf80000, 0x00000000ee880000, 0x0000000100000000)
  eden space 32768K, 0% used [0x00000000eaf80000,0x00000000eaf80000,0x00000000ecf80000)
  from space 4608K, 91% used [0x00000000ecf80000,0x00000000ed39cd88,0x00000000ed400000)
  to   space 5632K, 0% used [0x00000000ee300000,0x00000000ee300000,0x00000000ee880000)
 ParOldGen       total 30208K, used 6154K [0x00000000c0e00000, 0x00000000c2b80000, 0x00000000eaf80000)
  object space 30208K, 20% used [0x00000000c0e00000,0x00000000c14028d8,0x00000000c2b80000)
 Metaspace       used 23620K, capacity 24336K, committed 24496K, reserved 1071104K
  class space    used 3068K, capacity 3246K, committed 3248K, reserved 1048576K
}

